app/build/intermediates/manifest_merge_blame_file/debug/manifest-merger-blame-debug-report.txt
1<?xml version="1.0" encoding="utf-8"?>
2<manifest xmlns:android="http://schemas.android.com/apk/res/android"
3    package="com.student.attendance"
4    android:versionCode="1"
5    android:versionName="1.0" >
6
7    <uses-sdk
8        android:minSdkVersion="24"
9        android:targetSdkVersion="34" />
10
11    <uses-permission android:name="android.permission.INTERNET" />
11-->src\main\AndroidManifest.xml:4:5-67
11-->src\main\AndroidManifest.xml:4:22-64
12    <uses-permission android:name="android.permission.ACCESS_FINE_LOCATION" />
12-->src\main\AndroidManifest.xml:5:5-79
12-->src\main\AndroidManifest.xml:5:22-76
13    <uses-permission android:name="android.permission.ACCESS_COARSE_LOCATION" />
13-->src\main\AndroidManifest.xml:6:5-81
13-->src\main\AndroidManifest.xml:6:22-78
14    <uses-permission android:name="android.permission.RECEIVE_BOOT_COMPLETED" />
14-->src\main\AndroidManifest.xml:7:5-81
14-->src\main\AndroidManifest.xml:7:22-78
15
16    <permission
16-->[androidx.core:core:1.9.0] AndroidManifest.xml:22:5-24:47
17        android:name="com.student.attendance.DYNAMIC_RECEIVER_NOT_EXPORTED_PERMISSION"
17-->[androidx.core:core:1.9.0] AndroidManifest.xml:23:9-81
18        android:protectionLevel="signature" />
18-->[androidx.core:core:1.9.0] AndroidManifest.xml:24:9-44
19
20    <uses-permission android:name="com.student.attendance.DYNAMIC_RECEIVER_NOT_EXPORTED_PERMISSION" />
20-->[androidx.core:core:1.9.0] AndroidManifest.xml:26:5-97
20-->[androidx.core:core:1.9.0] AndroidManifest.xml:26:22-94
21
22    <application
22-->src\main\AndroidManifest.xml:9:5-46:19
23        android:allowBackup="true"
23-->src\main\AndroidManifest.xml:10:9-35
24        android:appComponentFactory="androidx.core.app.CoreComponentFactory"
24-->[androidx.core:core:1.9.0] AndroidManifest.xml:28:18-86
25        android:debuggable="true"
26        android:extractNativeLibs="false"
27        android:icon="@mipmap/ic_launcher"
27-->src\main\AndroidManifest.xml:11:9-43
28        android:label="@string/app_name"
28-->src\main\AndroidManifest.xml:13:9-41
29        android:roundIcon="@mipmap/ic_launcher_round"
29-->src\main\AndroidManifest.xml:12:9-54
30        android:supportsRtl="true"
30-->src\main\AndroidManifest.xml:14:9-35
31        android:testOnly="true"
32        android:theme="@style/Theme.StudentAttendance"
32-->src\main\AndroidManifest.xml:15:9-55
33        android:usesCleartextTraffic="true" >
33-->src\main\AndroidManifest.xml:16:9-44
34        <activity
34-->src\main\AndroidManifest.xml:18:9-26:20
35            android:name="com.student.attendance.activities.SplashActivity"
35-->src\main\AndroidManifest.xml:19:13-54
36            android:exported="true"
36-->src\main\AndroidManifest.xml:20:13-36
37            android:theme="@style/Theme.StudentAttendance.Splash" >
37-->src\main\AndroidManifest.xml:21:13-66
38            <intent-filter>
38-->src\main\AndroidManifest.xml:22:13-25:29
39                <action android:name="android.intent.action.MAIN" />
39-->src\main\AndroidManifest.xml:23:17-69
39-->src\main\AndroidManifest.xml:23:25-66
40
41                <category android:name="android.intent.category.LAUNCHER" />
41-->src\main\AndroidManifest.xml:24:17-77
41-->src\main\AndroidManifest.xml:24:27-74
42            </intent-filter>
43        </activity>
44        <activity
44-->src\main\AndroidManifest.xml:28:9-31:58
45            android:name="com.student.attendance.activities.AuthActivity"
45-->src\main\AndroidManifest.xml:29:13-52
46            android:exported="false"
46-->src\main\AndroidManifest.xml:30:13-37
47            android:windowSoftInputMode="adjustResize" />
47-->src\main\AndroidManifest.xml:31:13-55
48        <activity
48-->src\main\AndroidManifest.xml:33:9-36:58
49            android:name="com.student.attendance.activities.MainActivity"
49-->src\main\AndroidManifest.xml:34:13-52
50            android:exported="false"
50-->src\main\AndroidManifest.xml:35:13-37
51            android:windowSoftInputMode="adjustResize" />
51-->src\main\AndroidManifest.xml:36:13-55
52
53        <receiver
53-->src\main\AndroidManifest.xml:38:9-44:20
54            android:name="com.student.attendance.utils.AbsentMarkReceiver"
54-->src\main\AndroidManifest.xml:39:13-53
55            android:exported="false" >
55-->src\main\AndroidManifest.xml:40:13-37
56            <intent-filter>
56-->src\main\AndroidManifest.xml:41:13-43:29
57                <action android:name="com.student.attendance.MARK_ABSENT" />
57-->src\main\AndroidManifest.xml:42:17-77
57-->src\main\AndroidManifest.xml:42:25-74
58            </intent-filter>
59        </receiver>
60
61        <activity
61-->[com.google.android.gms:play-services-base:18.1.0] AndroidManifest.xml:20:9-22:45
62            android:name="com.google.android.gms.common.api.GoogleApiActivity"
62-->[com.google.android.gms:play-services-base:18.1.0] AndroidManifest.xml:20:19-85
63            android:exported="false"
63-->[com.google.android.gms:play-services-base:18.1.0] AndroidManifest.xml:22:19-43
64            android:theme="@android:style/Theme.Translucent.NoTitleBar" />
64-->[com.google.android.gms:play-services-base:18.1.0] AndroidManifest.xml:21:19-78
65
66        <meta-data
66-->[com.google.android.gms:play-services-basement:18.1.0] AndroidManifest.xml:21:9-23:69
67            android:name="com.google.android.gms.version"
67-->[com.google.android.gms:play-services-basement:18.1.0] AndroidManifest.xml:22:13-58
68            android:value="@integer/google_play_services_version" />
68-->[com.google.android.gms:play-services-basement:18.1.0] AndroidManifest.xml:23:13-66
69
70        <provider
70-->[androidx.emoji2:emoji2:1.2.0] AndroidManifest.xml:24:9-32:20
71            android:name="androidx.startup.InitializationProvider"
71-->[androidx.emoji2:emoji2:1.2.0] AndroidManifest.xml:25:13-67
72            android:authorities="com.student.attendance.androidx-startup"
72-->[androidx.emoji2:emoji2:1.2.0] AndroidManifest.xml:26:13-68
73            android:exported="false" >
73-->[androidx.emoji2:emoji2:1.2.0] AndroidManifest.xml:27:13-37
74            <meta-data
74-->[androidx.emoji2:emoji2:1.2.0] AndroidManifest.xml:29:13-31:52
75                android:name="androidx.emoji2.text.EmojiCompatInitializer"
75-->[androidx.emoji2:emoji2:1.2.0] AndroidManifest.xml:30:17-75
76                android:value="androidx.startup" />
76-->[androidx.emoji2:emoji2:1.2.0] AndroidManifest.xml:31:17-49
77            <meta-data
77-->[androidx.lifecycle:lifecycle-process:2.6.1] AndroidManifest.xml:29:13-31:52
78                android:name="androidx.lifecycle.ProcessLifecycleInitializer"
78-->[androidx.lifecycle:lifecycle-process:2.6.1] AndroidManifest.xml:30:17-78
79                android:value="androidx.startup" />
79-->[androidx.lifecycle:lifecycle-process:2.6.1] AndroidManifest.xml:31:17-49
80            <meta-data
80-->[androidx.profileinstaller:profileinstaller:1.3.0] AndroidManifest.xml:29:13-31:52
81                android:name="androidx.profileinstaller.ProfileInstallerInitializer"
81-->[androidx.profileinstaller:profileinstaller:1.3.0] AndroidManifest.xml:30:17-85
82                android:value="androidx.startup" />
82-->[androidx.profileinstaller:profileinstaller:1.3.0] AndroidManifest.xml:31:17-49
83        </provider>
84
85        <receiver
85-->[androidx.profileinstaller:profileinstaller:1.3.0] AndroidManifest.xml:34:9-52:20
86            android:name="androidx.profileinstaller.ProfileInstallReceiver"
86-->[androidx.profileinstaller:profileinstaller:1.3.0] AndroidManifest.xml:35:13-76
87            android:directBootAware="false"
87-->[androidx.profileinstaller:profileinstaller:1.3.0] AndroidManifest.xml:36:13-44
88            android:enabled="true"
88-->[androidx.profileinstaller:profileinstaller:1.3.0] AndroidManifest.xml:37:13-35
89            android:exported="true"
89-->[androidx.profileinstaller:profileinstaller:1.3.0] AndroidManifest.xml:38:13-36
90            android:permission="android.permission.DUMP" >
90-->[androidx.profileinstaller:profileinstaller:1.3.0] AndroidManifest.xml:39:13-57
91            <intent-filter>
91-->[androidx.profileinstaller:profileinstaller:1.3.0] AndroidManifest.xml:40:13-42:29
92                <action android:name="androidx.profileinstaller.action.INSTALL_PROFILE" />
92-->[androidx.profileinstaller:profileinstaller:1.3.0] AndroidManifest.xml:41:17-91
92-->[androidx.profileinstaller:profileinstaller:1.3.0] AndroidManifest.xml:41:25-88
93            </intent-filter>
94            <intent-filter>
94-->[androidx.profileinstaller:profileinstaller:1.3.0] AndroidManifest.xml:43:13-45:29
95                <action android:name="androidx.profileinstaller.action.SKIP_FILE" />
95-->[androidx.profileinstaller:profileinstaller:1.3.0] AndroidManifest.xml:44:17-85
95-->[androidx.profileinstaller:profileinstaller:1.3.0] AndroidManifest.xml:44:25-82
96            </intent-filter>
97            <intent-filter>
97-->[androidx.profileinstaller:profileinstaller:1.3.0] AndroidManifest.xml:46:13-48:29
98                <action android:name="androidx.profileinstaller.action.SAVE_PROFILE" />
98-->[androidx.profileinstaller:profileinstaller:1.3.0] AndroidManifest.xml:47:17-88
98-->[androidx.profileinstaller:profileinstaller:1.3.0] AndroidManifest.xml:47:25-85
99            </intent-filter>
100            <intent-filter>
100-->[androidx.profileinstaller:profileinstaller:1.3.0] AndroidManifest.xml:49:13-51:29
101                <action android:name="androidx.profileinstaller.action.BENCHMARK_OPERATION" />
101-->[androidx.profileinstaller:profileinstaller:1.3.0] AndroidManifest.xml:50:17-95
101-->[androidx.profileinstaller:profileinstaller:1.3.0] AndroidManifest.xml:50:25-92
102            </intent-filter>
103        </receiver>
104    </application>
105
106</manifest>